  cylinder.cpp
  shader.cpp
  Source.cpp
\\apporto.com\dfs\SNHU\Users\vitaliynapriy_snhu\Desktop\OpenGLSample - TestM7-1\OpenGLSample - Test\shader.h(57,34): warning C4101: 'e': unreferenced local variable
\\apporto.com\dfs\SNHU\Users\vitaliynapriy_snhu\Desktop\OpenGLSample - TestM7-1\OpenGLSample - Test\Source.cpp(238,22): warning C4244: 'initializing': conversion from 'double' to 'float', possible loss of data
\\apporto.com\dfs\SNHU\Users\vitaliynapriy_snhu\Desktop\OpenGLSample - TestM7-1\OpenGLSample - Test\Source.cpp(296,63): warning C4305: 'argument': truncation from 'double' to 'float'
\\apporto.com\dfs\SNHU\Users\vitaliynapriy_snhu\Desktop\OpenGLSample - TestM7-1\OpenGLSample - Test\Source.cpp(333,64): warning C4305: 'argument': truncation from 'double' to 'float'
\\apporto.com\dfs\SNHU\Users\vitaliynapriy_snhu\Desktop\OpenGLSample - TestM7-1\OpenGLSample - Test\Source.cpp(381,20): warning C4244: 'initializing': conversion from 'double' to 'float', possible loss of data
\\apporto.com\dfs\SNHU\Users\vitaliynapriy_snhu\Desktop\OpenGLSample - TestM7-1\OpenGLSample - Test\Source.cpp(412,11): warning C4244: '=': conversion from 'double' to 'float', possible loss of data
\\apporto.com\dfs\SNHU\Users\vitaliynapriy_snhu\Desktop\OpenGLSample - TestM7-1\OpenGLSample - Test\Source.cpp(413,11): warning C4244: '=': conversion from 'double' to 'float', possible loss of data
\\apporto.com\dfs\SNHU\Users\vitaliynapriy_snhu\Desktop\OpenGLSample - TestM7-1\OpenGLSample - Test\Source.cpp(417,16): warning C4244: 'initializing': conversion from 'double' to 'float', possible loss of data
\\apporto.com\dfs\SNHU\Users\vitaliynapriy_snhu\Desktop\OpenGLSample - TestM7-1\OpenGLSample - Test\Source.cpp(418,16): warning C4244: 'initializing': conversion from 'double' to 'float', possible loss of data
\\apporto.com\dfs\SNHU\Users\vitaliynapriy_snhu\Desktop\OpenGLSample - TestM7-1\OpenGLSample - Test\Source.cpp(419,10): warning C4244: '=': conversion from 'double' to 'float', possible loss of data
\\apporto.com\dfs\SNHU\Users\vitaliynapriy_snhu\Desktop\OpenGLSample - TestM7-1\OpenGLSample - Test\Source.cpp(420,10): warning C4244: '=': conversion from 'double' to 'float', possible loss of data
  staticMesh3D.cpp
  staticMeshIndexed3D.cpp
  vertexBufferObject.cpp
  Generating Code...
  glad.c
LINK : warning LNK4098: defaultlib 'MSVCRT' conflicts with use of other libs; use /NODEFAULTLIB:library
  OpenGLSample.vcxproj -> \\apporto.com\dfs\SNHU\USERS\vitaliynapriy_snhu\Desktop\OpenGLSample - TestM7-1\OpenGLSample - Test\Debug\OpenGLSample.exe
